#
# There is insufficient memory for the Java Runtime Environment to continue.
# Native memory allocation (malloc) failed to allocate 955376 bytes for Chunk::new
# Possible reasons:
#   The system is out of physical RAM or swap space
#   In 32 bit mode, the process size limit was hit
# Possible solutions:
#   Reduce memory load on the system
#   Increase physical memory or swap space
#   Check if swap backing store is full
#   Use 64 bit Java on a 64 bit OS
#   Decrease Java heap size (-Xmx/-Xms)
#   Decrease number of Java threads
#   Decrease Java thread stack sizes (-Xss)
#   Set larger code cache with -XX:ReservedCodeCacheSize=
# This output file may be truncated or incomplete.
#
#  Out of Memory Error (allocation.cpp:390), pid=25448, tid=4056
#
# JRE version: Java(TM) SE Runtime Environment (8.0_77-b03) (build 1.8.0_77-b03)
# Java VM: Java HotSpot(TM) 64-Bit Server VM (25.77-b03 mixed mode windows-amd64 compressed oops)
# Failed to write core dump. Minidumps are not enabled by default on client versions of Windows
#

---------------  T H R E A D  ---------------

Current thread (0x000000001776c000):  JavaThread "C2 CompilerThread0" daemon [_thread_in_native, id=4056, stack(0x0000000019de0000,0x0000000019ee0000)]

Stack: [0x0000000019de0000,0x0000000019ee0000]
[error occurred during error reporting (printing stack bounds), id 0xc0000005]

Native frames: (J=compiled Java code, j=interpreted, Vv=VM code, C=native code)


Current CompileTask:
C2:   1673 1337       4       com.android.dx.ssa.SCCP::simulatePhi (169 bytes)


---------------  P R O C E S S  ---------------

Java Threads: ( => current thread )
  0x00000000198c6800 JavaThread "pool-2-thread-4" [_thread_in_Java, id=29132, stack(0x000000001a7e0000,0x000000001a8e0000)]
  0x00000000198b9000 JavaThread "pool-3-thread-1" [_thread_blocked, id=6332, stack(0x000000001a4e0000,0x000000001a5e0000)]
  0x0000000019733800 JavaThread "Service Thread" daemon [_thread_blocked, id=31424, stack(0x000000001a1e0000,0x000000001a2e0000)]
  0x0000000019730800 JavaThread "C1 CompilerThread3" daemon [_thread_blocked, id=21248, stack(0x000000001a0e0000,0x000000001a1e0000)]
  0x000000001972c000 JavaThread "C2 CompilerThread2" daemon [_thread_in_native, id=16000, stack(0x0000000019fe0000,0x000000001a0e0000)]
  0x0000000019722000 JavaThread "C2 CompilerThread1" daemon [_thread_in_native, id=18160, stack(0x0000000019ee0000,0x0000000019fe0000)]
=>0x000000001776c000 JavaThread "C2 CompilerThread0" daemon [_thread_in_native, id=4056, stack(0x0000000019de0000,0x0000000019ee0000)]
  0x0000000017769000 JavaThread "Attach Listener" daemon [_thread_blocked, id=1476, stack(0x0000000019ce0000,0x0000000019de0000)]
  0x000000001968b800 JavaThread "Signal Dispatcher" daemon [_thread_blocked, id=31132, stack(0x0000000019be0000,0x0000000019ce0000)]
  0x0000000004c3d800 JavaThread "Finalizer" daemon [_thread_blocked, id=18868, stack(0x0000000019a50000,0x0000000019b50000)]
  0x0000000004c36000 JavaThread "Reference Handler" daemon [_thread_blocked, id=9516, stack(0x0000000019550000,0x0000000019650000)]
  0x0000000004b40800 JavaThread "main" [_thread_blocked, id=16308, stack(0x0000000004550000,0x0000000004650000)]

Other Threads:
  0x0000000017759800 VMThread [stack: 0x0000000019450000,0x0000000019550000] [id=20212]
  0x00000000197ce800 WatcherThread [stack: 0x000000001a2e0000,0x000000001a3e0000] [id=28404]

VM state:not at safepoint (normal execution)

VM Mutex/Monitor currently owned by a thread: None

Heap:
 PSYoungGen      total 76288K, used 62921K [0x00000000eab00000, 0x00000000f0000000, 0x0000000100000000)
  eden space 65536K, 96% used [0x00000000eab00000,0x00000000ee872788,0x00000000eeb00000)
  from space 10752K, 0% used [0x00000000ef580000,0x00000000ef580000,0x00000000f0000000)
  to   space 10752K, 0% used [0x00000000eeb00000,0x00000000eeb00000,0x00000000ef580000)
 ParOldGen       total 175104K, used 0K [0x00000000c0000000, 0x00000000cab00000, 0x00000000eab00000)
  object space 175104K, 0% used [0x00000000c0000000,0x00000000c0000000,0x00000000cab00000)
 Metaspace       used 6091K, capacity 7000K, committed 7168K, reserved 1056768K
  class space    used 606K, capacity 656K, committed 768K, reserved 1048576K

Card table byte_map: [0x0000000014000000,0x0000000014210000] byte_map_base: 0x0000000013a00000

Marking Bits: (ParMarkBitMap*) 0x000000005dcd0600
 Begin Bits: [0x0000000014b70000, 0x0000000015b70000)
 End Bits:   [0x0000000015b70000, 0x0000000016b70000)

Polling page: 0x0000000002f20000

CodeCache: size=245760Kb used=5423Kb max_used=5444Kb free=240336Kb
 bounds [0x0000000004c40000, 0x00000000051a0000, 0x0000000013c40000]
 total_blobs=1591 nmethods=1320 adapters=184
 compilation: enabled

Compilation events (10 events):
Event: 1.556 Thread 0x0000000019722000 nmethod 1315 0x0000000005188e90 code [0x0000000005189000, 0x00000000051896f8]
Event: 1.556 Thread 0x0000000019722000 1332       4       com.android.dx.ssa.SCCP::simulatePhiBlock (50 bytes)
Event: 1.557 Thread 0x0000000019730800 1340       3       com.android.dx.rop.cst.CstMethodRef::<init> (7 bytes)
Event: 1.557 Thread 0x0000000019730800 nmethod 1340 0x0000000005177050 code [0x00000000051771e0, 0x00000000051775f8]
Event: 1.557 Thread 0x0000000019730800 1341       3       com.android.dx.cf.code.Ropper::addExceptionSetupBlocks (203 bytes)
Event: 1.559 Thread 0x0000000019730800 nmethod 1341 0x0000000005189d10 code [0x000000000518a100, 0x000000000518c488]
Event: 1.582 Thread 0x0000000019730800 1347       3       com.android.dx.dex.code.RopTranslator::outputInstructions (69 bytes)
Event: 1.583 Thread 0x0000000019730800 nmethod 1347 0x00000000051886d0 code [0x0000000005188860, 0x0000000005188cb8]
Event: 1.609 Thread 0x000000001776c000 nmethod 1325 0x0000000005191d10 code [0x0000000005191fc0, 0x0000000005194468]
Event: 1.609 Thread 0x000000001776c000 1337       4       com.android.dx.ssa.SCCP::simulatePhi (169 bytes)

GC Heap History (0 events):
No events

Deoptimization events (10 events):
Event: 0.830 Thread 0x00000000198bb800 Uncommon trap: reason=class_check action=maybe_recompile pc=0x0000000004e55e70 method=com.android.dx.ssa.NormalSsaInsn.accept(Lcom/android/dx/ssa/SsaInsn$Visitor;)V @ 9
Event: 1.051 Thread 0x00000000198b6800 Uncommon trap: reason=null_check action=make_not_entrant pc=0x0000000004fe9500 method=com.android.dx.ssa.SsaRenamer.getLocalForNewReg(I)Lcom/android/dx/rop/code/LocalItem; @ 19
Event: 1.057 Thread 0x00000000198bb800 Uncommon trap: reason=bimorphic action=maybe_recompile pc=0x0000000004e53068 method=java.util.HashMap.getNode(ILjava/lang/Object;)Ljava/util/HashMap$Node; @ 126
Event: 1.057 Thread 0x00000000198bb800 Uncommon trap: reason=class_check action=maybe_recompile pc=0x0000000004f5c558 method=java.util.HashMap.putVal(ILjava/lang/Object;Ljava/lang/Object;ZZ)Ljava/lang/Object; @ 203
Event: 1.064 Thread 0x00000000198c6800 Uncommon trap: reason=null_check action=make_not_entrant pc=0x0000000004fc17b4 method=com.android.dx.ssa.SsaRenamer.getLocalForNewReg(I)Lcom/android/dx/rop/code/LocalItem; @ 19
Event: 1.074 Thread 0x00000000198bc800 Uncommon trap: reason=unstable_if action=reinterpret pc=0x0000000004fd363c method=com.android.dx.rop.code.RegisterSpec.equals(ILcom/android/dx/rop/type/TypeBearer;Lcom/android/dx/rop/code/LocalItem;)Z @ 42
Event: 1.555 Thread 0x00000000198bb800 Uncommon trap: reason=class_check action=maybe_recompile pc=0x00000000050ce8c8 method=com.android.dx.ssa.SCCP.setLatticeValueTo(IILcom/android/dx/rop/cst/Constant;)Z @ 43
Event: 1.555 Thread 0x00000000198bb800 Uncommon trap: reason=class_check action=maybe_recompile pc=0x00000000050ce8c8 method=com.android.dx.ssa.SCCP.setLatticeValueTo(IILcom/android/dx/rop/cst/Constant;)Z @ 43
Event: 1.555 Thread 0x00000000198bb800 Uncommon trap: reason=class_check action=maybe_recompile pc=0x00000000050ce8c8 method=com.android.dx.ssa.SCCP.setLatticeValueTo(IILcom/android/dx/rop/cst/Constant;)Z @ 43
Event: 1.555 Thread 0x00000000198bb800 Uncommon trap: reason=class_check action=maybe_recompile pc=0x00000000050ce8c8 method=com.android.dx.ssa.SCCP.setLatticeValueTo(IILcom/android/dx/rop/cst/Constant;)Z @ 43

Internal exceptions (4 events):
Event: 0.083 Thread 0x0000000004b40800 Exception <a 'java/lang/NoSuchMethodError': Method sun.misc.Unsafe.defineClass(Ljava/lang/String;[BII)Ljava/lang/Class; name or signature does not match> (0x00000000eab07cc0) thrown at [D:\re\workspace\8-2-build-windows-amd64-cygwin\jdk8u77\6540\hotspot\sr'fª|ØWµ?
Event: 0.083 Thread 0x0000000004b40800 Exception <a 'java/lang/NoSuchMethodError': Method sun.misc.Unsafe.prefetchRead(Ljava/lang/Object;J)V name or signature does not match> (0x00000000eab07fa8) thrown at [D:\re\workspace\8-2-build-windows-amd64-cygwin\jdk8u77\6540\hotspot\src\share\vm\prims\jê¼`áEÒð?
Event: 1.051 Thread 0x00000000198b6800 Implicit null exception at 0x0000000004fe7cee to 0x0000000004fe94c5
Event: 1.064 Thread 0x00000000198c6800 Implicit null exception at 0x0000000004fc0c61 to 0x0000000004fc1791

Events (10 events):
Event: 1.555 Thread 0x00000000198bb800 Uncommon trap: trap_request=0xffffffde fr.pc=0x00000000050ce8c8
Event: 1.555 Thread 0x00000000198bb800 DEOPT PACKING pc=0x00000000050ce8c8 sp=0x000000001a6de9b0
Event: 1.555 Thread 0x00000000198bb800 DEOPT UNPACKING pc=0x0000000004c8582a sp=0x000000001a6de8f8 mode 2
Event: 1.555 Thread 0x00000000198bb800 Uncommon trap: trap_request=0xffffffde fr.pc=0x00000000050ce8c8
Event: 1.555 Thread 0x00000000198bb800 DEOPT PACKING pc=0x00000000050ce8c8 sp=0x000000001a6de9b0
Event: 1.555 Thread 0x00000000198bb800 DEOPT UNPACKING pc=0x0000000004c8582a sp=0x000000001a6de8f8 mode 2
Event: 1.555 Thread 0x00000000198bb800 Uncommon trap: trap_request=0xffffffde fr.pc=0x00000000050ce8c8
Event: 1.555 Thread 0x00000000198bb800 DEOPT PACKING pc=0x00000000050ce8c8 sp=0x000000001a6de9b0
Event: 1.555 Thread 0x00000000198bb800 DEOPT UNPACKING pc=0x0000000004c8582a sp=0x000000001a6de8f8 mode 2
Event: 1.583 Thread 0x00000000198bb800 Thread exited: 0x00000000198bb800


Dynamic libraries:
0x00007ff741550000 - 0x00007ff741587000 	C:\Program Files\Java\jdk1.8.0_77\bin\java.exe
0x00007ffa64b60000 - 0x00007ffa64d40000 	C:\WINDOWS\SYSTEM32\ntdll.dll
0x00007ffa64170000 - 0x00007ffa6421e000 	C:\WINDOWS\System32\KERNEL32.DLL
0x00007ffa61af0000 - 0x00007ffa61d56000 	C:\WINDOWS\System32\KERNELBASE.dll
0x00007ffa62130000 - 0x00007ffa621d1000 	C:\WINDOWS\System32\ADVAPI32.dll
0x00007ffa62030000 - 0x00007ffa620cd000 	C:\WINDOWS\System32\msvcrt.dll
0x00007ffa647b0000 - 0x00007ffa6480b000 	C:\WINDOWS\System32\sechost.dll
0x00007ffa64050000 - 0x00007ffa6416f000 	C:\WINDOWS\System32\RPCRT4.dll
0x00007ffa64590000 - 0x00007ffa6471f000 	C:\WINDOWS\System32\USER32.dll
0x00007ffa617a0000 - 0x00007ffa617c0000 	C:\WINDOWS\System32\win32u.dll
0x00007ffa64020000 - 0x00007ffa64048000 	C:\WINDOWS\System32\GDI32.dll
0x00007ffa61d60000 - 0x00007ffa61ef3000 	C:\WINDOWS\System32\gdi32full.dll
0x00007ffa60fb0000 - 0x00007ffa6104b000 	C:\WINDOWS\System32\msvcp_win.dll
0x00007ffa617c0000 - 0x00007ffa618b6000 	C:\WINDOWS\System32\ucrtbase.dll
0x00007ffa56240000 - 0x00007ffa564a9000 	C:\WINDOWS\WinSxS\amd64_microsoft.windows.common-controls_6595b64144ccf1df_6.0.16299.192_none_15c8cdae9364c23b\COMCTL32.dll
0x00007ffa64820000 - 0x00007ffa64b28000 	C:\WINDOWS\System32\combase.dll
0x00007ffa61f00000 - 0x00007ffa61f72000 	C:\WINDOWS\System32\bcryptPrimitives.dll
0x00007ffa63ba0000 - 0x00007ffa63bcd000 	C:\WINDOWS\System32\IMM32.DLL
0x000000005ea70000 - 0x000000005eb42000 	C:\Program Files\Java\jdk1.8.0_77\jre\bin\msvcr100.dll
0x000000005d4c0000 - 0x000000005dd50000 	C:\Program Files\Java\jdk1.8.0_77\jre\bin\server\jvm.dll
0x00007ffa64810000 - 0x00007ffa64818000 	C:\WINDOWS\System32\PSAPI.DLL
0x00007ffa55ed0000 - 0x00007ffa55ed9000 	C:\WINDOWS\SYSTEM32\WSOCK32.dll
0x00007ffa64220000 - 0x00007ffa6428c000 	C:\WINDOWS\System32\WS2_32.dll
0x00007ffa5c1b0000 - 0x00007ffa5c1d3000 	C:\WINDOWS\SYSTEM32\WINMM.dll
0x00007ffa5c060000 - 0x00007ffa5c06a000 	C:\WINDOWS\SYSTEM32\VERSION.dll
0x00007ffa5c090000 - 0x00007ffa5c0ba000 	C:\WINDOWS\SYSTEM32\WINMMBASE.dll
0x00007ffa60f60000 - 0x00007ffa60faa000 	C:\WINDOWS\System32\cfgmgr32.dll
0x000000005f980000 - 0x000000005f98f000 	C:\Program Files\Java\jdk1.8.0_77\jre\bin\verify.dll
0x000000005f950000 - 0x000000005f979000 	C:\Program Files\Java\jdk1.8.0_77\jre\bin\java.dll
0x000000005f930000 - 0x000000005f946000 	C:\Program Files\Java\jdk1.8.0_77\jre\bin\zip.dll
0x00007ffa62650000 - 0x00007ffa63a86000 	C:\WINDOWS\System32\SHELL32.dll
0x00007ffa624f0000 - 0x00007ffa62596000 	C:\WINDOWS\System32\shcore.dll
0x00007ffa61050000 - 0x00007ffa61797000 	C:\WINDOWS\System32\windows.storage.dll
0x00007ffa64750000 - 0x00007ffa647a1000 	C:\WINDOWS\System32\shlwapi.dll
0x00007ffa60f40000 - 0x00007ffa60f51000 	C:\WINDOWS\System32\kernel.appcore.dll
0x00007ffa60ed0000 - 0x00007ffa60f1c000 	C:\WINDOWS\System32\powrprof.dll
0x00007ffa60eb0000 - 0x00007ffa60ecb000 	C:\WINDOWS\System32\profapi.dll

VM Arguments:
jvm_args: -Djava.awt.headless=true -Xmx1024M -Dfile.encoding=windows-31j -Duser.country=JP -Duser.language=ja -Duser.variant 
java_command: com.android.dx.command.Main --dex --force-jumbo --num-threads=4 --multi-dex --output D:\android.naoki\CalcApp\app\build\intermediates\transforms\dex\debug\folders\1000\10\instant-run_fa9491dd1f3f161b35d3f1f3d3e45675a3041636 D:\android.naoki\CalcApp\app\build\intermediates\incremental-runtime-classes\debug\instant-run.jar
java_class_path (initial): C:\Users\ripok\AppData\Local\Android\sdk\build-tools\24.0.2\lib\dx.jar
Launcher Type: SUN_STANDARD

Environment Variables:
JAVA_HOME=C:\Program Files\Java\jdk1.8.0_77\
PATH=C:\Program Files (x86)\Common Files\Intel\Shared Libraries\redist\intel64\compiler;C:\ProgramData\Oracle\Java\javapath;C:\Windows\system32;C:\Windows;C:\Windows\System32\Wbem;C:\Windows\System32\WindowsPowerShell\v1.0\;C:\Program Files (x86)\NVIDIA Corporation\PhysX\Common;C:\Program Files\Java\jdk1.8.0_77\\bin;C:\WINDOWS\system32;C:\WINDOWS;C:\WINDOWS\System32\Wbem;C:\WINDOWS\System32\WindowsPowerShell\v1.0\;C:\Program Files (x86)\QuickTime\QTSystem\;C:\Program Files\Git\cmd;C:\Users\ripok\AppData\Local\Microsoft\WindowsApps;
USERNAME=ripok
OS=Windows_NT
PROCESSOR_IDENTIFIER=Intel64 Family 6 Model 94 Stepping 3, GenuineIntel



---------------  S Y S T E M  ---------------

OS: Windows 10.0 , 64 bit Build 16299 (10.0.16299.15)

CPU:total 8 (4 cores per cpu, 2 threads per core) family 6 model 94 stepping 3, cmov, cx8, fxsr, mmx, sse, sse2, sse3, ssse3, sse4.1, sse4.2, popcnt, avx, avx2, aes, clmul, erms, rtm, 3dnowpref, lzcnt, ht, tsc, tscinvbit, bmi1, bmi2, adx

Memory: 4k page, physical 16726948k(762160k free), swap 29920096k(5512k free)

vm_info: Java HotSpot(TM) 64-Bit Server VM (25.77-b03) for windows-amd64 JRE (1.8.0_77-b03), built on Mar 20 2016 22:01:33 by "java_re" with MS VC++ 10.0 (VS2010)

time: Wed Feb 14 22:21:52 2018
elapsed time: 1 seconds (0d 0h 0m 1s)

