#
# There is insufficient memory for the Java Runtime Environment to continue.
# Native memory allocation (malloc) failed to allocate 2005216 bytes for Chunk::new
# Possible reasons:
#   The system is out of physical RAM or swap space
#   In 32 bit mode, the process size limit was hit
# Possible solutions:
#   Reduce memory load on the system
#   Increase physical memory or swap space
#   Check if swap backing store is full
#   Use 64 bit Java on a 64 bit OS
#   Decrease Java heap size (-Xmx/-Xms)
#   Decrease number of Java threads
#   Decrease Java thread stack sizes (-Xss)
#   Set larger code cache with -XX:ReservedCodeCacheSize=
# This output file may be truncated or incomplete.
#
#  Out of Memory Error (allocation.cpp:390), pid=19408, tid=14552
#
# JRE version: Java(TM) SE Runtime Environment (8.0_77-b03) (build 1.8.0_77-b03)
# Java VM: Java HotSpot(TM) 64-Bit Server VM (25.77-b03 mixed mode windows-amd64 compressed oops)
# Failed to write core dump. Minidumps are not enabled by default on client versions of Windows
#

---------------  T H R E A D  ---------------

Current thread (0x00000000199e0800):  JavaThread "C2 CompilerThread1" daemon [_thread_in_native, id=14552, stack(0x000000001a1a0000,0x000000001a2a0000)]

Stack: [0x000000001a1a0000,0x000000001a2a0000]
[error occurred during error reporting (printing stack bounds), id 0xc0000005]

Native frames: (J=compiled Java code, j=interpreted, Vv=VM code, C=native code)


Current CompileTask:
C2:   1632 1771   !   4       com.android.dx.cf.code.BytecodeArray::parseInstruction (2764 bytes)


---------------  P R O C E S S  ---------------

Java Threads: ( => current thread )
  0x000000001a704800 JavaThread "pool-2-thread-4" [_thread_blocked, id=28052, stack(0x000000001b2a0000,0x000000001b3a0000)]
  0x000000001a704000 JavaThread "pool-2-thread-3" [_thread_blocked, id=28724, stack(0x000000001b1a0000,0x000000001b2a0000)]
  0x000000001a703000 JavaThread "pool-2-thread-2" [_thread_in_Java, id=24808, stack(0x000000001b0a0000,0x000000001b1a0000)]
  0x000000001a701800 JavaThread "pool-3-thread-1" [_thread_blocked, id=25448, stack(0x000000001afa0000,0x000000001b0a0000)]
  0x0000000019d9e800 JavaThread "pool-2-thread-1" [_thread_in_Java, id=30060, stack(0x000000001aea0000,0x000000001afa0000)]
  0x0000000019ac1800 JavaThread "Service Thread" daemon [_thread_blocked, id=13772, stack(0x000000001a4a0000,0x000000001a5a0000)]
  0x0000000017ade800 JavaThread "C1 CompilerThread3" daemon [_thread_blocked, id=15384, stack(0x000000001a3a0000,0x000000001a4a0000)]
  0x0000000017adc800 JavaThread "C2 CompilerThread2" daemon [_thread_in_native, id=30348, stack(0x000000001a2a0000,0x000000001a3a0000)]
=>0x00000000199e0800 JavaThread "C2 CompilerThread1" daemon [_thread_in_native, id=14552, stack(0x000000001a1a0000,0x000000001a2a0000)]
  0x00000000199de000 JavaThread "C2 CompilerThread0" daemon [_thread_in_native, id=15976, stack(0x000000001a0a0000,0x000000001a1a0000)]
  0x00000000199d9800 JavaThread "Attach Listener" daemon [_thread_blocked, id=11100, stack(0x0000000019fa0000,0x000000001a0a0000)]
  0x0000000019a2b000 JavaThread "Signal Dispatcher" daemon [_thread_blocked, id=15948, stack(0x0000000019ea0000,0x0000000019fa0000)]
  0x00000000199c0800 JavaThread "Finalizer" daemon [_thread_blocked, id=19268, stack(0x0000000019da0000,0x0000000019ea0000)]
  0x0000000004fa6000 JavaThread "Reference Handler" daemon [_thread_blocked, id=28780, stack(0x00000000198a0000,0x00000000199a0000)]
  0x0000000004eb2800 JavaThread "main" [_thread_blocked, id=26964, stack(0x0000000004d60000,0x0000000004e60000)]

Other Threads:
  0x0000000017ac9800 VMThread [stack: 0x00000000197a0000,0x00000000198a0000] [id=6152]
  0x0000000019b4d000 WatcherThread [stack: 0x000000001a5a0000,0x000000001a6a0000] [id=11748]

VM state:not at safepoint (normal execution)

VM Mutex/Monitor currently owned by a thread: None

Heap:
 PSYoungGen      total 141824K, used 15092K [0x00000000eab00000, 0x00000000f4000000, 0x0000000100000000)
  eden space 131072K, 3% used [0x00000000eab00000,0x00000000eaf3ed58,0x00000000f2b00000)
  from space 10752K, 99% used [0x00000000f2b00000,0x00000000f357e6a0,0x00000000f3580000)
  to   space 10752K, 0% used [0x00000000f3580000,0x00000000f3580000,0x00000000f4000000)
 ParOldGen       total 175104K, used 25932K [0x00000000c0000000, 0x00000000cab00000, 0x00000000eab00000)
  object space 175104K, 14% used [0x00000000c0000000,0x00000000c1953028,0x00000000cab00000)
 Metaspace       used 6419K, capacity 7158K, committed 7296K, reserved 1056768K
  class space    used 608K, capacity 622K, committed 640K, reserved 1048576K

Card table byte_map: [0x0000000014370000,0x0000000014580000] byte_map_base: 0x0000000013d70000

Marking Bits: (ParMarkBitMap*) 0x000000005dcd0600
 Begin Bits: [0x0000000014ee0000, 0x0000000015ee0000)
 End Bits:   [0x0000000015ee0000, 0x0000000016ee0000)

Polling page: 0x0000000004920000

CodeCache: size=245760Kb used=7550Kb max_used=7550Kb free=238209Kb
 bounds [0x0000000004fb0000, 0x0000000005720000, 0x0000000013fb0000]
 total_blobs=2180 nmethods=1908 adapters=184
 compilation: enabled

Compilation events (10 events):
Event: 1.561 Thread 0x0000000017ade800 1968   !   2       com.android.dx.rop.cst.CstType::intern (48 bytes)
Event: 1.562 Thread 0x0000000017ade800 nmethod 1968 0x0000000005710910 code [0x0000000005710ac0, 0x0000000005710fc8]
Event: 1.565 Thread 0x0000000017ade800 1969       2       com.android.dx.dex.file.AnnotationUtils::makeInnerClass (65 bytes)
Event: 1.566 Thread 0x0000000017ade800 nmethod 1969 0x0000000005711510 code [0x0000000005711700, 0x0000000005711c18]
Event: 1.595 Thread 0x0000000017ade800 1971   !   3       com.android.dx.cf.code.Ropper::doit (126 bytes)
Event: 1.596 Thread 0x0000000017ade800 nmethod 1971 0x0000000005712090 code [0x0000000005712380, 0x00000000057137d8]
Event: 1.597 Thread 0x0000000017ade800 1972       2       java.lang.Integer::bitCount (49 bytes)
Event: 1.597 Thread 0x0000000017ade800 nmethod 1972 0x0000000005714410 code [0x0000000005714560, 0x00000000057146d0]
Event: 1.597 Thread 0x0000000017ade800 1973       2       com.android.dx.rop.cst.CstLong::getType (4 bytes)
Event: 1.597 Thread 0x0000000017ade800 nmethod 1973 0x0000000005714750 code [0x00000000057148a0, 0x00000000057149f0]

GC Heap History (6 events):
Event: 1.086 GC heap before
{Heap before GC invocations=1 (full 0):
 PSYoungGen      total 76288K, used 65536K [0x00000000eab00000, 0x00000000f0000000, 0x0000000100000000)
  eden space 65536K, 100% used [0x00000000eab00000,0x00000000eeb00000,0x00000000eeb00000)
  from space 10752K, 0% used [0x00000000ef580000,0x00000000ef580000,0x00000000f0000000)
  to   space 10752K, 0% used [0x00000000eeb00000,0x00000000eeb00000,0x00000000ef580000)
 ParOldGen       total 175104K, used 0K [0x00000000c0000000, 0x00000000cab00000, 0x00000000eab00000)
  object space 175104K, 0% used [0x00000000c0000000,0x00000000c0000000,0x00000000cab00000)
 Metaspace       used 6141K, capacity 6966K, committed 7040K, reserved 1056768K
  class space    used 607K, capacity 622K, committed 640K, reserved 1048576K
Event: 1.108 GC heap after
Heap after GC invocations=1 (full 0):
 PSYoungGen      total 76288K, used 10069K [0x00000000eab00000, 0x00000000f4000000, 0x0000000100000000)
  eden space 65536K, 0% used [0x00000000eab00000,0x00000000eab00000,0x00000000eeb00000)
  from space 10752K, 93% used [0x00000000eeb00000,0x00000000ef4d5648,0x00000000ef580000)
  to   space 10752K, 0% used [0x00000000f3580000,0x00000000f3580000,0x00000000f4000000)
 ParOldGen       total 175104K, used 16K [0x00000000c0000000, 0x00000000cab00000, 0x00000000eab00000)
  object space 175104K, 0% used [0x00000000c0000000,0x00000000c0004000,0x00000000cab00000)
 Metaspace       used 6141K, capacity 6966K, committed 7040K, reserved 1056768K
  class space    used 607K, capacity 622K, committed 640K, reserved 1048576K
}
Event: 1.277 GC heap before
{Heap before GC invocations=2 (full 0):
 PSYoungGen      total 76288K, used 75605K [0x00000000eab00000, 0x00000000f4000000, 0x0000000100000000)
  eden space 65536K, 100% used [0x00000000eab00000,0x00000000eeb00000,0x00000000eeb00000)
  from space 10752K, 93% used [0x00000000eeb00000,0x00000000ef4d5648,0x00000000ef580000)
  to   space 10752K, 0% used [0x00000000f3580000,0x00000000f3580000,0x00000000f4000000)
 ParOldGen       total 175104K, used 16K [0x00000000c0000000, 0x00000000cab00000, 0x00000000eab00000)
  object space 175104K, 0% used [0x00000000c0000000,0x00000000c0004000,0x00000000cab00000)
 Metaspace       used 6313K, capacity 7094K, committed 7296K, reserved 1056768K
  class space    used 608K, capacity 622K, committed 640K, reserved 1048576K
Event: 1.294 GC heap after
Heap after GC invocations=2 (full 0):
 PSYoungGen      total 141824K, used 10725K [0x00000000eab00000, 0x00000000f4000000, 0x0000000100000000)
  eden space 131072K, 0% used [0x00000000eab00000,0x00000000eab00000,0x00000000f2b00000)
  from space 10752K, 99% used [0x00000000f3580000,0x00000000f3ff9460,0x00000000f4000000)
  to   space 10752K, 0% used [0x00000000f2b00000,0x00000000f2b00000,0x00000000f3580000)
 ParOldGen       total 175104K, used 6871K [0x00000000c0000000, 0x00000000cab00000, 0x00000000eab00000)
  object space 175104K, 3% used [0x00000000c0000000,0x00000000c06b5cc8,0x00000000cab00000)
 Metaspace       used 6313K, capacity 7094K, committed 7296K, reserved 1056768K
  class space    used 608K, capacity 622K, committed 640K, reserved 1048576K
}
Event: 1.599 GC heap before
{Heap before GC invocations=3 (full 0):
 PSYoungGen      total 141824K, used 141797K [0x00000000eab00000, 0x00000000f4000000, 0x0000000100000000)
  eden space 131072K, 100% used [0x00000000eab00000,0x00000000f2b00000,0x00000000f2b00000)
  from space 10752K, 99% used [0x00000000f3580000,0x00000000f3ff9460,0x00000000f4000000)
  to   space 10752K, 0% used [0x00000000f2b00000,0x00000000f2b00000,0x00000000f3580000)
 ParOldGen       total 175104K, used 6871K [0x00000000c0000000, 0x00000000cab00000, 0x00000000eab00000)
  object space 175104K, 3% used [0x00000000c0000000,0x00000000c06b5cc8,0x00000000cab00000)
 Metaspace       used 6419K, capacity 7158K, committed 7296K, reserved 1056768K
  class space    used 608K, capacity 622K, committed 640K, reserved 1048576K
Event: 1.629 GC heap after
Heap after GC invocations=3 (full 0):
 PSYoungGen      total 141824K, used 10745K [0x00000000eab00000, 0x00000000f4000000, 0x0000000100000000)
  eden space 131072K, 0% used [0x00000000eab00000,0x00000000eab00000,0x00000000f2b00000)
  from space 10752K, 99% used [0x00000000f2b00000,0x00000000f357e6a0,0x00000000f3580000)
  to   space 10752K, 0% used [0x00000000f3580000,0x00000000f3580000,0x00000000f4000000)
 ParOldGen       total 175104K, used 25932K [0x00000000c0000000, 0x00000000cab00000, 0x00000000eab00000)
  object space 175104K, 14% used [0x00000000c0000000,0x00000000c1953028,0x00000000cab00000)
 Metaspace       used 6419K, capacity 7158K, committed 7296K, reserved 1056768K
  class space    used 608K, capacity 622K, committed 640K, reserved 1048576K
}

Deoptimization events (10 events):
Event: 1.141 Thread 0x000000001a704000 Uncommon trap: reason=bimorphic action=maybe_recompile pc=0x0000000005504140 method=java.util.HashMap.getNode(ILjava/lang/Object;)Ljava/util/HashMap$Node; @ 126
Event: 1.141 Thread 0x000000001a704000 Uncommon trap: reason=bimorphic action=maybe_recompile pc=0x0000000005504140 method=java.util.HashMap.getNode(ILjava/lang/Object;)Ljava/util/HashMap$Node; @ 126
Event: 1.141 Thread 0x000000001a704000 Uncommon trap: reason=class_check action=maybe_recompile pc=0x0000000005351ffc method=java.util.HashMap.putVal(ILjava/lang/Object;Ljava/lang/Object;ZZ)Ljava/lang/Object; @ 203
Event: 1.144 Thread 0x0000000004eb2800 Uncommon trap: reason=unstable_if action=reinterpret pc=0x000000000535b69c method=com.android.dx.ssa.SsaMethod.updateOneDefinition(Lcom/android/dx/ssa/SsaInsn;Lcom/android/dx/rop/code/RegisterSpec;)V @ 4
Event: 1.157 Thread 0x000000001a704000 Uncommon trap: reason=unstable_if action=reinterpret pc=0x00000000055a9388 method=com.android.dx.ssa.SsaRenamer$BlockRenamer.visitMoveInsn(Lcom/android/dx/ssa/NormalSsaInsn;)V @ 104
Event: 1.221 Thread 0x0000000019d9e800 Uncommon trap: reason=unstable_if action=reinterpret pc=0x0000000005602a08 method=com.android.dx.rop.code.RegisterSpecSet.put(Lcom/android/dx/rop/code/RegisterSpec;)V @ 77
Event: 1.310 Thread 0x000000001a703000 Uncommon trap: reason=bimorphic action=maybe_recompile pc=0x000000000565d8a8 method=com.android.dx.cf.code.BytecodeArray.parseInstruction(ILcom/android/dx/cf/code/BytecodeArray$Visitor;)I @ 1130
Event: 1.311 Thread 0x000000001a703000 Uncommon trap: reason=bimorphic action=maybe_recompile pc=0x000000000565d8a8 method=com.android.dx.cf.code.BytecodeArray.parseInstruction(ILcom/android/dx/cf/code/BytecodeArray$Visitor;)I @ 1130
Event: 1.409 Thread 0x000000001a704800 Uncommon trap: reason=unstable_if action=reinterpret pc=0x00000000056b1810 method=com.android.dx.ssa.SCCP.simulateStmt(Lcom/android/dx/ssa/SsaInsn;)V @ 53
Event: 1.539 Thread 0x000000001a703000 Uncommon trap: reason=unstable_if action=reinterpret pc=0x0000000005461d14 method=com.android.dx.rop.code.LocalItem.compareHandlesNulls(Lcom/android/dx/rop/cst/CstString;Lcom/android/dx/rop/cst/CstString;)I @ 14

Internal exceptions (3 events):
Event: 0.126 Thread 0x0000000004eb2800 Exception <a 'java/lang/NoSuchMethodError': Method sun.misc.Unsafe.defineClass(Ljava/lang/String;[BII)Ljava/lang/Class; name or signature does not match> (0x00000000eab07cc0) thrown at [D:\re\workspace\8-2-build-windows-amd64-cygwin\jdk8u77\6540\hotspot\sr›kWi'À?
Event: 0.126 Thread 0x0000000004eb2800 Exception <a 'java/lang/NoSuchMethodError': Method sun.misc.Unsafe.prefetchRead(Ljava/lang/Object;J)V name or signature does not match> (0x00000000eab07fa8) thrown at [D:\re\workspace\8-2-build-windows-amd64-cygwin\jdk8u77\6540\hotspot\src\share\vm\prims\j#ïPºžø?
Event: 1.539 Thread 0x000000001a703000 Implicit null exception at 0x00000000054604d6 to 0x0000000005461ced

Events (10 events):
Event: 1.526 Thread 0x0000000004eb2800 DEOPT UNPACKING pc=0x0000000004ff787f sp=0x0000000004e5ea88 mode 0
Event: 1.538 Thread 0x000000001a703000 DEOPT PACKING pc=0x000000000534a287 sp=0x000000001b19e990
Event: 1.538 Thread 0x000000001a703000 DEOPT UNPACKING pc=0x0000000004ff787f sp=0x000000001b19e758 mode 0
Event: 1.539 Thread 0x000000001a703000 Uncommon trap: trap_request=0xffffff65 fr.pc=0x0000000005461d14
Event: 1.539 Thread 0x000000001a703000 DEOPT PACKING pc=0x0000000005461d14 sp=0x000000001b19ea80
Event: 1.539 Thread 0x000000001a703000 DEOPT UNPACKING pc=0x0000000004ff582a sp=0x000000001b19e878 mode 2
Event: 1.551 Thread 0x0000000004eb2800 DEOPT PACKING pc=0x000000000563aca1 sp=0x0000000004e5eb80
Event: 1.551 Thread 0x0000000004eb2800 DEOPT UNPACKING pc=0x0000000004ff787f sp=0x0000000004e5e940 mode 0
Event: 1.599 Executing VM operation: ParallelGCFailedAllocation
Event: 1.629 Executing VM operation: ParallelGCFailedAllocation done


Dynamic libraries:
0x00007ff741550000 - 0x00007ff741587000 	C:\Program Files\Java\jdk1.8.0_77\bin\java.exe
0x00007ffa64b60000 - 0x00007ffa64d40000 	C:\WINDOWS\SYSTEM32\ntdll.dll
0x00007ffa64170000 - 0x00007ffa6421e000 	C:\WINDOWS\System32\KERNEL32.DLL
0x00007ffa61af0000 - 0x00007ffa61d56000 	C:\WINDOWS\System32\KERNELBASE.dll
0x00007ffa62130000 - 0x00007ffa621d1000 	C:\WINDOWS\System32\ADVAPI32.dll
0x00007ffa62030000 - 0x00007ffa620cd000 	C:\WINDOWS\System32\msvcrt.dll
0x00007ffa647b0000 - 0x00007ffa6480b000 	C:\WINDOWS\System32\sechost.dll
0x00007ffa64050000 - 0x00007ffa6416f000 	C:\WINDOWS\System32\RPCRT4.dll
0x00007ffa64590000 - 0x00007ffa6471f000 	C:\WINDOWS\System32\USER32.dll
0x00007ffa617a0000 - 0x00007ffa617c0000 	C:\WINDOWS\System32\win32u.dll
0x00007ffa64020000 - 0x00007ffa64048000 	C:\WINDOWS\System32\GDI32.dll
0x00007ffa61d60000 - 0x00007ffa61ef3000 	C:\WINDOWS\System32\gdi32full.dll
0x00007ffa60fb0000 - 0x00007ffa6104b000 	C:\WINDOWS\System32\msvcp_win.dll
0x00007ffa617c0000 - 0x00007ffa618b6000 	C:\WINDOWS\System32\ucrtbase.dll
0x00007ffa56240000 - 0x00007ffa564a9000 	C:\WINDOWS\WinSxS\amd64_microsoft.windows.common-controls_6595b64144ccf1df_6.0.16299.192_none_15c8cdae9364c23b\COMCTL32.dll
0x00007ffa64820000 - 0x00007ffa64b28000 	C:\WINDOWS\System32\combase.dll
0x00007ffa61f00000 - 0x00007ffa61f72000 	C:\WINDOWS\System32\bcryptPrimitives.dll
0x00007ffa63ba0000 - 0x00007ffa63bcd000 	C:\WINDOWS\System32\IMM32.DLL
0x000000005ea70000 - 0x000000005eb42000 	C:\Program Files\Java\jdk1.8.0_77\jre\bin\msvcr100.dll
0x000000005d4c0000 - 0x000000005dd50000 	C:\Program Files\Java\jdk1.8.0_77\jre\bin\server\jvm.dll
0x00007ffa64810000 - 0x00007ffa64818000 	C:\WINDOWS\System32\PSAPI.DLL
0x00007ffa55ed0000 - 0x00007ffa55ed9000 	C:\WINDOWS\SYSTEM32\WSOCK32.dll
0x00007ffa64220000 - 0x00007ffa6428c000 	C:\WINDOWS\System32\WS2_32.dll
0x00007ffa5c1b0000 - 0x00007ffa5c1d3000 	C:\WINDOWS\SYSTEM32\WINMM.dll
0x00007ffa5c060000 - 0x00007ffa5c06a000 	C:\WINDOWS\SYSTEM32\VERSION.dll
0x00007ffa5c090000 - 0x00007ffa5c0ba000 	C:\WINDOWS\SYSTEM32\WINMMBASE.dll
0x00007ffa60f60000 - 0x00007ffa60faa000 	C:\WINDOWS\System32\cfgmgr32.dll
0x000000005f980000 - 0x000000005f98f000 	C:\Program Files\Java\jdk1.8.0_77\jre\bin\verify.dll
0x000000005f950000 - 0x000000005f979000 	C:\Program Files\Java\jdk1.8.0_77\jre\bin\java.dll
0x000000005f930000 - 0x000000005f946000 	C:\Program Files\Java\jdk1.8.0_77\jre\bin\zip.dll
0x00007ffa62650000 - 0x00007ffa63a86000 	C:\WINDOWS\System32\SHELL32.dll
0x00007ffa624f0000 - 0x00007ffa62596000 	C:\WINDOWS\System32\shcore.dll
0x00007ffa61050000 - 0x00007ffa61797000 	C:\WINDOWS\System32\windows.storage.dll
0x00007ffa64750000 - 0x00007ffa647a1000 	C:\WINDOWS\System32\shlwapi.dll
0x00007ffa60f40000 - 0x00007ffa60f51000 	C:\WINDOWS\System32\kernel.appcore.dll
0x00007ffa60ed0000 - 0x00007ffa60f1c000 	C:\WINDOWS\System32\powrprof.dll
0x00007ffa60eb0000 - 0x00007ffa60ecb000 	C:\WINDOWS\System32\profapi.dll

VM Arguments:
jvm_args: -Djava.awt.headless=true -Xmx1024M -Dfile.encoding=windows-31j -Duser.country=JP -Duser.language=ja -Duser.variant 
java_command: com.android.dx.command.Main --dex --force-jumbo --num-threads=4 --multi-dex --output D:\android.naoki\CalcApp\app\build\intermediates\transforms\dex\debug\folders\1000\10\com.android.support-support-v4-23.4.0_60e5f1be9100bc54219e57efcf9aabc8cbd6fbf7 D:\android.naoki\CalcApp\app\build\intermediates\exploded-aar\com.android.support\support-v4\23.4.0\jars\classes.jar
java_class_path (initial): C:\Users\ripok\AppData\Local\Android\sdk\build-tools\24.0.2\lib\dx.jar
Launcher Type: SUN_STANDARD

Environment Variables:
JAVA_HOME=C:\Program Files\Java\jdk1.8.0_77\
PATH=C:\Program Files (x86)\Common Files\Intel\Shared Libraries\redist\intel64\compiler;C:\ProgramData\Oracle\Java\javapath;C:\Windows\system32;C:\Windows;C:\Windows\System32\Wbem;C:\Windows\System32\WindowsPowerShell\v1.0\;C:\Program Files (x86)\NVIDIA Corporation\PhysX\Common;C:\Program Files\Java\jdk1.8.0_77\\bin;C:\WINDOWS\system32;C:\WINDOWS;C:\WINDOWS\System32\Wbem;C:\WINDOWS\System32\WindowsPowerShell\v1.0\;C:\Program Files (x86)\QuickTime\QTSystem\;C:\Program Files\Git\cmd;C:\Users\ripok\AppData\Local\Microsoft\WindowsApps;
USERNAME=ripok
OS=Windows_NT
PROCESSOR_IDENTIFIER=Intel64 Family 6 Model 94 Stepping 3, GenuineIntel



---------------  S Y S T E M  ---------------

OS: Windows 10.0 , 64 bit Build 16299 (10.0.16299.15)

CPU:total 8 (4 cores per cpu, 2 threads per core) family 6 model 94 stepping 3, cmov, cx8, fxsr, mmx, sse, sse2, sse3, ssse3, sse4.1, sse4.2, popcnt, avx, avx2, aes, clmul, erms, rtm, 3dnowpref, lzcnt, ht, tsc, tscinvbit, bmi1, bmi2, adx

Memory: 4k page, physical 16726948k(1434928k free), swap 29920096k(5496k free)

vm_info: Java HotSpot(TM) 64-Bit Server VM (25.77-b03) for windows-amd64 JRE (1.8.0_77-b03), built on Mar 20 2016 22:01:33 by "java_re" with MS VC++ 10.0 (VS2010)

time: Wed Feb 14 22:31:58 2018
elapsed time: 1 seconds (0d 0h 0m 1s)

