#
# There is insufficient memory for the Java Runtime Environment to continue.
# Native memory allocation (malloc) failed to allocate 1048576 bytes for AllocateHeap
# Possible reasons:
#   The system is out of physical RAM or swap space
#   In 32 bit mode, the process size limit was hit
# Possible solutions:
#   Reduce memory load on the system
#   Increase physical memory or swap space
#   Check if swap backing store is full
#   Use 64 bit Java on a 64 bit OS
#   Decrease Java heap size (-Xmx/-Xms)
#   Decrease number of Java threads
#   Decrease Java thread stack sizes (-Xss)
#   Set larger code cache with -XX:ReservedCodeCacheSize=
# This output file may be truncated or incomplete.
#
#  Out of Memory Error (memory/allocation.inline.hpp:61), pid=12812, tid=29440
#
# JRE version:  (8.0_77-b03) (build )
# Java VM: Java HotSpot(TM) 64-Bit Server VM (25.77-b03 mixed mode windows-amd64 compressed oops)
# Failed to write core dump. Minidumps are not enabled by default on client versions of Windows
#

---------------  T H R E A D  ---------------

Current thread (0x0000000004f61000):  JavaThread "Unknown thread" [_thread_in_vm, id=29440, stack(0x0000000004e60000,0x0000000004f60000)]

Stack: [0x0000000004e60000,0x0000000004f60000]
[error occurred during error reporting (printing stack bounds), id 0xc0000005]

Native frames: (J=compiled Java code, j=interpreted, Vv=VM code, C=native code)


---------------  P R O C E S S  ---------------

Java Threads: ( => current thread )

Other Threads:

=>0x0000000004f61000 (exited) JavaThread "Unknown thread" [_thread_in_vm, id=29440, stack(0x0000000004e60000,0x0000000004f60000)]

VM state:not at safepoint (normal execution)

VM Mutex/Monitor currently owned by a thread: None

Heap:
 PSYoungGen      total 76288K, used 1310K [0x00000000eab00000, 0x00000000f0000000, 0x0000000100000000)
  eden space 65536K, 2% used [0x00000000eab00000,0x00000000eac47af0,0x00000000eeb00000)
  from space 10752K, 0% used [0x00000000ef580000,0x00000000ef580000,0x00000000f0000000)
  to   space 10752K, 0% used [0x00000000eeb00000,0x00000000eeb00000,0x00000000ef580000)
 ParOldGen       total 175104K, used 0K [0x00000000c0000000, 0x00000000cab00000, 0x00000000eab00000)
  object space 175104K, 0% used [0x00000000c0000000,0x00000000c0000000,0x00000000cab00000)
 Metaspace       used 769K, capacity 4480K, committed 4480K, reserved 1056768K
  class space    used 75K, capacity 384K, committed 384K, reserved 1048576K

Card table byte_map: [0x0000000014420000,0x0000000014630000] byte_map_base: 0x0000000013e20000

Marking Bits: (ParMarkBitMap*) 0x000000005dcd0600
 Begin Bits: [0x0000000014f90000, 0x0000000015f90000)
 End Bits:   [0x0000000015f90000, 0x0000000016f90000)

Polling page: 0x0000000003170000

CodeCache: size=245760Kb used=328Kb max_used=328Kb free=245431Kb
 bounds [0x0000000005060000, 0x00000000052d0000, 0x0000000014060000]
 total_blobs=58 nmethods=0 adapters=38
 compilation: enabled

Compilation events (0 events):
No events

GC Heap History (0 events):
No events

Deoptimization events (0 events):
No events

Internal exceptions (0 events):
No events

Events (10 events):
Event: 0.029 loading class java/lang/Short
Event: 0.029 loading class java/lang/Short done
Event: 0.029 loading class java/lang/Integer
Event: 0.029 loading class java/lang/Integer done
Event: 0.029 loading class java/lang/Long
Event: 0.029 loading class java/lang/Long done
Event: 0.030 loading class java/lang/NullPointerException
Event: 0.030 loading class java/lang/NullPointerException done
Event: 0.030 loading class java/lang/ArithmeticException
Event: 0.030 loading class java/lang/ArithmeticException done


Dynamic libraries:
0x00007ff741550000 - 0x00007ff741587000 	C:\Program Files\Java\jdk1.8.0_77\bin\java.exe
0x00007ffa64b60000 - 0x00007ffa64d40000 	C:\WINDOWS\SYSTEM32\ntdll.dll
0x00007ffa64170000 - 0x00007ffa6421e000 	C:\WINDOWS\System32\KERNEL32.DLL
0x00007ffa61af0000 - 0x00007ffa61d56000 	C:\WINDOWS\System32\KERNELBASE.dll
0x00007ffa62130000 - 0x00007ffa621d1000 	C:\WINDOWS\System32\ADVAPI32.dll
0x00007ffa62030000 - 0x00007ffa620cd000 	C:\WINDOWS\System32\msvcrt.dll
0x00007ffa647b0000 - 0x00007ffa6480b000 	C:\WINDOWS\System32\sechost.dll
0x00007ffa64050000 - 0x00007ffa6416f000 	C:\WINDOWS\System32\RPCRT4.dll
0x00007ffa64590000 - 0x00007ffa6471f000 	C:\WINDOWS\System32\USER32.dll
0x00007ffa617a0000 - 0x00007ffa617c0000 	C:\WINDOWS\System32\win32u.dll
0x00007ffa64020000 - 0x00007ffa64048000 	C:\WINDOWS\System32\GDI32.dll
0x00007ffa61d60000 - 0x00007ffa61ef3000 	C:\WINDOWS\System32\gdi32full.dll
0x00007ffa60fb0000 - 0x00007ffa6104b000 	C:\WINDOWS\System32\msvcp_win.dll
0x00007ffa617c0000 - 0x00007ffa618b6000 	C:\WINDOWS\System32\ucrtbase.dll
0x00007ffa56240000 - 0x00007ffa564a9000 	C:\WINDOWS\WinSxS\amd64_microsoft.windows.common-controls_6595b64144ccf1df_6.0.16299.192_none_15c8cdae9364c23b\COMCTL32.dll
0x00007ffa64820000 - 0x00007ffa64b28000 	C:\WINDOWS\System32\combase.dll
0x00007ffa61f00000 - 0x00007ffa61f72000 	C:\WINDOWS\System32\bcryptPrimitives.dll
0x00007ffa63ba0000 - 0x00007ffa63bcd000 	C:\WINDOWS\System32\IMM32.DLL
0x000000005ea70000 - 0x000000005eb42000 	C:\Program Files\Java\jdk1.8.0_77\jre\bin\msvcr100.dll
0x000000005d4c0000 - 0x000000005dd50000 	C:\Program Files\Java\jdk1.8.0_77\jre\bin\server\jvm.dll
0x00007ffa64810000 - 0x00007ffa64818000 	C:\WINDOWS\System32\PSAPI.DLL
0x00007ffa5c1b0000 - 0x00007ffa5c1d3000 	C:\WINDOWS\SYSTEM32\WINMM.dll
0x00007ffa55ed0000 - 0x00007ffa55ed9000 	C:\WINDOWS\SYSTEM32\WSOCK32.dll
0x00007ffa5c060000 - 0x00007ffa5c06a000 	C:\WINDOWS\SYSTEM32\VERSION.dll
0x00007ffa64220000 - 0x00007ffa6428c000 	C:\WINDOWS\System32\WS2_32.dll
0x00007ffa5c090000 - 0x00007ffa5c0ba000 	C:\WINDOWS\SYSTEM32\WINMMBASE.dll
0x00007ffa60f60000 - 0x00007ffa60faa000 	C:\WINDOWS\System32\cfgmgr32.dll
0x000000005f980000 - 0x000000005f98f000 	C:\Program Files\Java\jdk1.8.0_77\jre\bin\verify.dll
0x000000005f950000 - 0x000000005f979000 	C:\Program Files\Java\jdk1.8.0_77\jre\bin\java.dll
0x000000005f930000 - 0x000000005f946000 	C:\Program Files\Java\jdk1.8.0_77\jre\bin\zip.dll

VM Arguments:
jvm_args: -Djava.awt.headless=true -Xmx1024M -Dfile.encoding=windows-31j -Duser.country=JP -Duser.language=ja -Duser.variant 
java_command: com.android.dx.command.Main --dex --force-jumbo --num-threads=4 --multi-dex --output D:\android.naoki\CalcApp\app\build\intermediates\transforms\dex\debug\folders\1000\5\slice_7 D:\android.naoki\CalcApp\app\build\intermediates\transforms\instantRunSlicer\debug\folders\1\5\slice_7
java_class_path (initial): C:\Users\ripok\AppData\Local\Android\sdk\build-tools\24.0.2\lib\dx.jar
Launcher Type: SUN_STANDARD

Environment Variables:
JAVA_HOME=C:\Program Files\Java\jdk1.8.0_77\
PATH=C:\Program Files (x86)\Common Files\Intel\Shared Libraries\redist\intel64\compiler;C:\ProgramData\Oracle\Java\javapath;C:\Windows\system32;C:\Windows;C:\Windows\System32\Wbem;C:\Windows\System32\WindowsPowerShell\v1.0\;C:\Program Files (x86)\NVIDIA Corporation\PhysX\Common;C:\Program Files\Java\jdk1.8.0_77\\bin;C:\WINDOWS\system32;C:\WINDOWS;C:\WINDOWS\System32\Wbem;C:\WINDOWS\System32\WindowsPowerShell\v1.0\;C:\Program Files (x86)\QuickTime\QTSystem\;C:\Program Files\Git\cmd;C:\Users\ripok\AppData\Local\Microsoft\WindowsApps;
USERNAME=ripok
OS=Windows_NT
PROCESSOR_IDENTIFIER=Intel64 Family 6 Model 94 Stepping 3, GenuineIntel



---------------  S Y S T E M  ---------------

OS: Windows 10.0 , 64 bit Build 16299 (10.0.16299.15)

CPU:total 8 (4 cores per cpu, 2 threads per core) family 6 model 94 stepping 3, cmov, cx8, fxsr, mmx, sse, sse2, sse3, ssse3, sse4.1, sse4.2, popcnt, avx, avx2, aes, clmul, erms, rtm, 3dnowpref, lzcnt, ht, tsc, tscinvbit, bmi1, bmi2, adx

Memory: 4k page, physical 16726948k(1338220k free), swap 29920096k(5220k free)

vm_info: Java HotSpot(TM) 64-Bit Server VM (25.77-b03) for windows-amd64 JRE (1.8.0_77-b03), built on Mar 20 2016 22:01:33 by "java_re" with MS VC++ 10.0 (VS2010)

time: Wed Feb 14 22:23:47 2018
elapsed time: 0 seconds (0d 0h 0m 0s)

